e:\vs程序\check_box\check_box\x64\debug\vc120.pdb
e:\vs程序\check_box\check_box\x64\debug\qrc_check_box.obj
e:\vs程序\check_box\check_box\x64\debug\main.obj
e:\vs程序\check_box\check_box\x64\debug\check_box.obj
e:\vs程序\check_box\check_box\x64\debug\moc_check_box.obj
e:\vs程序\check_box\check_box\generatedfiles\qrc_check_box.cpp
e:\vs程序\check_box\check_box\generatedfiles\ui_check_box.h
e:\vs程序\check_box\check_box\generatedfiles\debug\moc_check_box.cpp
e:\vs程序\check_box\x64\debug\check_box.ilk
e:\vs程序\check_box\x64\debug\check_box.exe
e:\vs程序\check_box\x64\debug\check_box.pdb
e:\vs程序\check_box\check_box\x64\debug\check_box.tlog\cl.command.1.tlog
e:\vs程序\check_box\check_box\x64\debug\check_box.tlog\cl.read.1.tlog
e:\vs程序\check_box\check_box\x64\debug\check_box.tlog\cl.write.1.tlog
e:\vs程序\check_box\check_box\x64\debug\check_box.tlog\custombuild.command.1.tlog
e:\vs程序\check_box\check_box\x64\debug\check_box.tlog\custombuild.read.1.tlog
e:\vs程序\check_box\check_box\x64\debug\check_box.tlog\custombuild.write.1.tlog
e:\vs程序\check_box\check_box\x64\debug\check_box.tlog\link.command.1.tlog
e:\vs程序\check_box\check_box\x64\debug\check_box.tlog\link.read.1.tlog
e:\vs程序\check_box\check_box\x64\debug\check_box.tlog\link.write.1.tlog
